/eda/synopsys/vcs/O-2018.09-SP2/vcs/O-2018.09-SP2/linux64/bin/vcsMsgReport1: /home/xiaoai/lib64_compat/libpthread.so.0: no version information available (required by /eda/synopsys/vcs/O-2018.09-SP2/vcs/O-2018.09-SP2/linux64/bin/vcsMsgReport1)
/eda/synopsys/vcs/O-2018.09-SP2/vcs/O-2018.09-SP2/linux64/bin/vcsMsgReport1: /home/xiaoai/lib64_compat/libpthread.so.0: no version information available (required by /eda/synopsys/vcs/O-2018.09-SP2/vcs/O-2018.09-SP2/linux64/bin/vcsMsgReport1)

Warning-[LINX_KRNL] Unsupported Linux kernel
  Linux kernel '6.17.0-22-generic' is not supported.
  Supported versions are 2.4* or 2.6*.

/eda/synopsys/vcs/O-2018.09-SP2/vcs/O-2018.09-SP2/linux64/bin/vcsparse: /home/xiaoai/lib64_compat/libpthread.so.0: no version information available (required by /eda/synopsys/vcs/O-2018.09-SP2/vcs/O-2018.09-SP2/linux64/bin/vcsparse)
/eda/synopsys/vcs/O-2018.09-SP2/vcs/O-2018.09-SP2/linux64/bin/vcsparse: /home/xiaoai/lib64_compat/libpthread.so.0: no version information available (required by /eda/synopsys/vcs/O-2018.09-SP2/vcs/O-2018.09-SP2/linux64/bin/vcsparse)
/eda/synopsys/vcs/O-2018.09-SP2/vcs/O-2018.09-SP2/linux64/bin/vcs1: /home/xiaoai/lib64_compat/libpthread.so.0: no version information available (required by /eda/synopsys/vcs/O-2018.09-SP2/vcs/O-2018.09-SP2/linux64/bin/vcs1)
/eda/synopsys/vcs/O-2018.09-SP2/vcs/O-2018.09-SP2/linux64/bin/vcs1: /home/xiaoai/lib64_compat/libpthread.so.0: no version information available (required by /eda/synopsys/vcs/O-2018.09-SP2/vcs/O-2018.09-SP2/linux64/bin/vcs1)
/eda/synopsys/vcs/O-2018.09-SP2/vcs/O-2018.09-SP2/linux64/bin/vcs1: /home/xiaoai/lib64_compat/libpthread.so.0: no version information available (required by /eda/synopsys/vcs/O-2018.09-SP2/vcs/O-2018.09-SP2/linux64/bin/vcs1)
/eda/synopsys/vcs/O-2018.09-SP2/vcs/O-2018.09-SP2/linux64/bin/vcs1: /home/xiaoai/lib64_compat/libpthread.so.0: no version information available (required by /eda/synopsys/vcs/O-2018.09-SP2/vcs/O-2018.09-SP2/linux64/bin/../lib/libvfs.so)
/eda/synopsys/vcs/O-2018.09-SP2/vcs/O-2018.09-SP2/linux64/bin/vcs1: /home/xiaoai/lib64_compat/libpthread.so.0: no version information available (required by /eda/synopsys/vcs/O-2018.09-SP2/vcs/O-2018.09-SP2/linux64/bin/../lib/libvfs.so)
/eda/synopsys/vcs/O-2018.09-SP2/vcs/O-2018.09-SP2/linux64/bin/vcs1: /home/xiaoai/lib64_compat/libpthread.so.0: no version information available (required by /eda/synopsys/vcs/O-2018.09-SP2/vcs/O-2018.09-SP2/linux64/bin/../lib/libsqlite3.so.0)
/eda/synopsys/vcs/O-2018.09-SP2/vcs/O-2018.09-SP2/linux64/bin/vcs1: /home/xiaoai/lib64_compat/libpthread.so.0: no version information available (required by /eda/synopsys/vcs/O-2018.09-SP2/vcs/O-2018.09-SP2/linux64/bin/vcs1)
/eda/synopsys/vcs/O-2018.09-SP2/vcs/O-2018.09-SP2/linux64/bin/vcs1: /home/xiaoai/lib64_compat/libpthread.so.0: no version information available (required by /eda/synopsys/vcs/O-2018.09-SP2/vcs/O-2018.09-SP2/linux64/bin/vcs1)
/eda/synopsys/vcs/O-2018.09-SP2/vcs/O-2018.09-SP2/linux64/bin/vcs1: /home/xiaoai/lib64_compat/libpthread.so.0: no version information available (required by /eda/synopsys/vcs/O-2018.09-SP2/vcs/O-2018.09-SP2/linux64/bin/vcs1)
/eda/synopsys/vcs/O-2018.09-SP2/vcs/O-2018.09-SP2/linux64/bin/vcs1: /home/xiaoai/lib64_compat/libpthread.so.0: no version information available (required by /eda/synopsys/vcs/O-2018.09-SP2/vcs/O-2018.09-SP2/linux64/bin/../lib/libvfs.so)
/eda/synopsys/vcs/O-2018.09-SP2/vcs/O-2018.09-SP2/linux64/bin/vcs1: /home/xiaoai/lib64_compat/libpthread.so.0: no version information available (required by /eda/synopsys/vcs/O-2018.09-SP2/vcs/O-2018.09-SP2/linux64/bin/../lib/libvfs.so)
/eda/synopsys/vcs/O-2018.09-SP2/vcs/O-2018.09-SP2/linux64/bin/vcs1: /home/xiaoai/lib64_compat/libpthread.so.0: no version information available (required by /eda/synopsys/vcs/O-2018.09-SP2/vcs/O-2018.09-SP2/linux64/bin/../lib/libsqlite3.so.0)
                         Chronologic VCS (TM)
       Version O-2018.09-SP2_Full64 -- Tue Apr 28 16:27:42 2026
               Copyright (c) 1991-2018 by Synopsys Inc.
                         ALL RIGHTS RESERVED

This program is proprietary and confidential information of Synopsys Inc.
and may be used and disclosed only as authorized in a license agreement
controlling such use and disclosure.

Parsing design file '/eda/synopsys/vcs/O-2018.09-SP2/vcs/O-2018.09-SP2/etc/uvm-1.1/uvm_pkg.sv'
Parsing included file '/eda/synopsys/vcs/O-2018.09-SP2/vcs/O-2018.09-SP2/etc/uvm-1.1/uvm_macros.svh'.
Parsing included file '/eda/synopsys/vcs/O-2018.09-SP2/vcs/O-2018.09-SP2/etc/uvm-1.1/macros/uvm_version_defines.svh'.
Back to file '/eda/synopsys/vcs/O-2018.09-SP2/vcs/O-2018.09-SP2/etc/uvm-1.1/uvm_macros.svh'.
Parsing included file '/eda/synopsys/vcs/O-2018.09-SP2/vcs/O-2018.09-SP2/etc/uvm-1.1/macros/uvm_message_defines.svh'.
Back to file '/eda/synopsys/vcs/O-2018.09-SP2/vcs/O-2018.09-SP2/etc/uvm-1.1/uvm_macros.svh'.
Parsing included file '/eda/synopsys/vcs/O-2018.09-SP2/vcs/O-2018.09-SP2/etc/uvm-1.1/macros/uvm_phase_defines.svh'.
Back to file '/eda/synopsys/vcs/O-2018.09-SP2/vcs/O-2018.09-SP2/etc/uvm-1.1/uvm_macros.svh'.
Parsing included file '/eda/synopsys/vcs/O-2018.09-SP2/vcs/O-2018.09-SP2/etc/uvm-1.1/macros/uvm_object_defines.svh'.
Back to file '/eda/synopsys/vcs/O-2018.09-SP2/vcs/O-2018.09-SP2/etc/uvm-1.1/uvm_macros.svh'.
Parsing included file '/eda/synopsys/vcs/O-2018.09-SP2/vcs/O-2018.09-SP2/etc/uvm-1.1/macros/uvm_printer_defines.svh'.
Back to file '/eda/synopsys/vcs/O-2018.09-SP2/vcs/O-2018.09-SP2/etc/uvm-1.1/uvm_macros.svh'.
Parsing included file '/eda/synopsys/vcs/O-2018.09-SP2/vcs/O-2018.09-SP2/etc/uvm-1.1/macros/uvm_tlm_defines.svh'.
Parsing included file '/eda/synopsys/vcs/O-2018.09-SP2/vcs/O-2018.09-SP2/etc/uvm-1.1/tlm1/uvm_tlm_imps.svh'.
Back to file '/eda/synopsys/vcs/O-2018.09-SP2/vcs/O-2018.09-SP2/etc/uvm-1.1/macros/uvm_tlm_defines.svh'.
Back to file '/eda/synopsys/vcs/O-2018.09-SP2/vcs/O-2018.09-SP2/etc/uvm-1.1/uvm_macros.svh'.
Parsing included file '/eda/synopsys/vcs/O-2018.09-SP2/vcs/O-2018.09-SP2/etc/uvm-1.1/macros/uvm_sequence_defines.svh'.
Back to file '/eda/synopsys/vcs/O-2018.09-SP2/vcs/O-2018.09-SP2/etc/uvm-1.1/uvm_macros.svh'.
Parsing included file '/eda/synopsys/vcs/O-2018.09-SP2/vcs/O-2018.09-SP2/etc/uvm-1.1/macros/uvm_callback_defines.svh'.
Back to file '/eda/synopsys/vcs/O-2018.09-SP2/vcs/O-2018.09-SP2/etc/uvm-1.1/uvm_macros.svh'.
Parsing included file '/eda/synopsys/vcs/O-2018.09-SP2/vcs/O-2018.09-SP2/etc/uvm-1.1/macros/uvm_reg_defines.svh'.
Back to file '/eda/synopsys/vcs/O-2018.09-SP2/vcs/O-2018.09-SP2/etc/uvm-1.1/uvm_macros.svh'.
Parsing included file '/eda/synopsys/vcs/O-2018.09-SP2/vcs/O-2018.09-SP2/etc/uvm-1.1/macros/uvm_deprecated_defines.svh'.
Back to file '/eda/synopsys/vcs/O-2018.09-SP2/vcs/O-2018.09-SP2/etc/uvm-1.1/uvm_macros.svh'.
Back to file '/eda/synopsys/vcs/O-2018.09-SP2/vcs/O-2018.09-SP2/etc/uvm-1.1/uvm_pkg.sv'.
Parsing included file '/eda/synopsys/vcs/O-2018.09-SP2/vcs/O-2018.09-SP2/etc/uvm-1.1/directc/uvm_directc.svh'.
Parsing included file '/eda/synopsys/vcs/O-2018.09-SP2/vcs/O-2018.09-SP2/etc/uvm-1.1/directc/uvm_seed.vh'.
Back to file '/eda/synopsys/vcs/O-2018.09-SP2/vcs/O-2018.09-SP2/etc/uvm-1.1/directc/uvm_directc.svh'.
Back to file '/eda/synopsys/vcs/O-2018.09-SP2/vcs/O-2018.09-SP2/etc/uvm-1.1/uvm_pkg.sv'.
Parsing included file '/eda/synopsys/vcs/O-2018.09-SP2/vcs/O-2018.09-SP2/etc/uvm-1.1/dpi/uvm_dpi.svh'.
Parsing included file '/eda/synopsys/vcs/O-2018.09-SP2/vcs/O-2018.09-SP2/etc/uvm-1.1/dpi/uvm_hdl.svh'.
Back to file '/eda/synopsys/vcs/O-2018.09-SP2/vcs/O-2018.09-SP2/etc/uvm-1.1/dpi/uvm_dpi.svh'.
Parsing included file '/eda/synopsys/vcs/O-2018.09-SP2/vcs/O-2018.09-SP2/etc/uvm-1.1/dpi/uvm_svcmd_dpi.svh'.
Back to file '/eda/synopsys/vcs/O-2018.09-SP2/vcs/O-2018.09-SP2/etc/uvm-1.1/dpi/uvm_dpi.svh'.
Parsing included file '/eda/synopsys/vcs/O-2018.09-SP2/vcs/O-2018.09-SP2/etc/uvm-1.1/dpi/uvm_regex.svh'.
Back to file '/eda/synopsys/vcs/O-2018.09-SP2/vcs/O-2018.09-SP2/etc/uvm-1.1/dpi/uvm_dpi.svh'.
Back to file '/eda/synopsys/vcs/O-2018.09-SP2/vcs/O-2018.09-SP2/etc/uvm-1.1/uvm_pkg.sv'.
Parsing included file '/eda/synopsys/vcs/O-2018.09-SP2/vcs/O-2018.09-SP2/etc/uvm-1.1/base/uvm_base.svh'.
Parsing included file '/eda/synopsys/vcs/O-2018.09-SP2/vcs/O-2018.09-SP2/etc/uvm-1.1/base/uvm_version.svh'.
Back to file '/eda/synopsys/vcs/O-2018.09-SP2/vcs/O-2018.09-SP2/etc/uvm-1.1/base/uvm_base.svh'.
Parsing included file '/eda/synopsys/vcs/O-2018.09-SP2/vcs/O-2018.09-SP2/etc/uvm-1.1/base/uvm_object_globals.svh'.
Back to file '/eda/synopsys/vcs/O-2018.09-SP2/vcs/O-2018.09-SP2/etc/uvm-1.1/base/uvm_base.svh'.
Parsing included file '/eda/synopsys/vcs/O-2018.09-SP2/vcs/O-2018.09-SP2/etc/uvm-1.1/base/uvm_misc.svh'.
Back to file '/eda/synopsys/vcs/O-2018.09-SP2/vcs/O-2018.09-SP2/etc/uvm-1.1/base/uvm_base.svh'.
Parsing included file '/eda/synopsys/vcs/O-2018.09-SP2/vcs/O-2018.09-SP2/etc/uvm-1.1/base/uvm_object.svh'.
Back to file '/eda/synopsys/vcs/O-2018.09-SP2/vcs/O-2018.09-SP2/etc/uvm-1.1/base/uvm_base.svh'.
Parsing included file '/eda/synopsys/vcs/O-2018.09-SP2/vcs/O-2018.09-SP2/etc/uvm-1.1/base/uvm_pool.svh'.
Back to file '/eda/synopsys/vcs/O-2018.09-SP2/vcs/O-2018.09-SP2/etc/uvm-1.1/base/uvm_base.svh'.
Parsing included file '/eda/synopsys/vcs/O-2018.09-SP2/vcs/O-2018.09-SP2/etc/uvm-1.1/base/uvm_queue.svh'.
Back to file '/eda/synopsys/vcs/O-2018.09-SP2/vcs/O-2018.09-SP2/etc/uvm-1.1/base/uvm_base.svh'.
Parsing included file '/eda/synopsys/vcs/O-2018.09-SP2/vcs/O-2018.09-SP2/etc/uvm-1.1/base/uvm_factory.svh'.
Back to file '/eda/synopsys/vcs/O-2018.09-SP2/vcs/O-2018.09-SP2/etc/uvm-1.1/base/uvm_base.svh'.
Parsing included file '/eda/synopsys/vcs/O-2018.09-SP2/vcs/O-2018.09-SP2/etc/uvm-1.1/base/uvm_registry.svh'.
Back to file '/eda/synopsys/vcs/O-2018.09-SP2/vcs/O-2018.09-SP2/etc/uvm-1.1/base/uvm_base.svh'.
Parsing included file '/eda/synopsys/vcs/O-2018.09-SP2/vcs/O-2018.09-SP2/etc/uvm-1.1/base/uvm_spell_chkr.svh'.
Back to file '/eda/synopsys/vcs/O-2018.09-SP2/vcs/O-2018.09-SP2/etc/uvm-1.1/base/uvm_base.svh'.
Parsing included file '/eda/synopsys/vcs/O-2018.09-SP2/vcs/O-2018.09-SP2/etc/uvm-1.1/base/uvm_resource.svh'.
Back to file '/eda/synopsys/vcs/O-2018.09-SP2/vcs/O-2018.09-SP2/etc/uvm-1.1/base/uvm_base.svh'.
Parsing included file '/eda/synopsys/vcs/O-2018.09-SP2/vcs/O-2018.09-SP2/etc/uvm-1.1/deprecated/uvm_resource_converter.svh'.
Back to file '/eda/synopsys/vcs/O-2018.09-SP2/vcs/O-2018.09-SP2/etc/uvm-1.1/base/uvm_base.svh'.
Parsing included file '/eda/synopsys/vcs/O-2018.09-SP2/vcs/O-2018.09-SP2/etc/uvm-1.1/base/uvm_resource_specializations.svh'.
Back to file '/eda/synopsys/vcs/O-2018.09-SP2/vcs/O-2018.09-SP2/etc/uvm-1.1/base/uvm_base.svh'.
Parsing included file '/eda/synopsys/vcs/O-2018.09-SP2/vcs/O-2018.09-SP2/etc/uvm-1.1/base/uvm_resource_db.svh'.
Back to file '/eda/synopsys/vcs/O-2018.09-SP2/vcs/O-2018.09-SP2/etc/uvm-1.1/base/uvm_base.svh'.
Parsing included file '/eda/synopsys/vcs/O-2018.09-SP2/vcs/O-2018.09-SP2/etc/uvm-1.1/base/uvm_config_db.svh'.
Back to file '/eda/synopsys/vcs/O-2018.09-SP2/vcs/O-2018.09-SP2/etc/uvm-1.1/base/uvm_base.svh'.
Parsing included file '/eda/synopsys/vcs/O-2018.09-SP2/vcs/O-2018.09-SP2/etc/uvm-1.1/base/uvm_printer.svh'.
Back to file '/eda/synopsys/vcs/O-2018.09-SP2/vcs/O-2018.09-SP2/etc/uvm-1.1/base/uvm_base.svh'.
Parsing included file '/eda/synopsys/vcs/O-2018.09-SP2/vcs/O-2018.09-SP2/etc/uvm-1.1/base/uvm_comparer.svh'.
Back to file '/eda/synopsys/vcs/O-2018.09-SP2/vcs/O-2018.09-SP2/etc/uvm-1.1/base/uvm_base.svh'.
Parsing included file '/eda/synopsys/vcs/O-2018.09-SP2/vcs/O-2018.09-SP2/etc/uvm-1.1/base/uvm_packer.svh'.
Back to file '/eda/synopsys/vcs/O-2018.09-SP2/vcs/O-2018.09-SP2/etc/uvm-1.1/base/uvm_base.svh'.
Parsing included file '/eda/synopsys/vcs/O-2018.09-SP2/vcs/O-2018.09-SP2/etc/uvm-1.1/base/uvm_recorder.svh'.
Back to file '/eda/synopsys/vcs/O-2018.09-SP2/vcs/O-2018.09-SP2/etc/uvm-1.1/base/uvm_base.svh'.
Parsing included file '/eda/synopsys/vcs/O-2018.09-SP2/vcs/O-2018.09-SP2/etc/uvm-1.1/base/uvm_event_callback.svh'.
Back to file '/eda/synopsys/vcs/O-2018.09-SP2/vcs/O-2018.09-SP2/etc/uvm-1.1/base/uvm_base.svh'.
Parsing included file '/eda/synopsys/vcs/O-2018.09-SP2/vcs/O-2018.09-SP2/etc/uvm-1.1/base/uvm_event.svh'.
Back to file '/eda/synopsys/vcs/O-2018.09-SP2/vcs/O-2018.09-SP2/etc/uvm-1.1/base/uvm_base.svh'.
Parsing included file '/eda/synopsys/vcs/O-2018.09-SP2/vcs/O-2018.09-SP2/etc/uvm-1.1/base/uvm_barrier.svh'.
Back to file '/eda/synopsys/vcs/O-2018.09-SP2/vcs/O-2018.09-SP2/etc/uvm-1.1/base/uvm_base.svh'.
Parsing included file '/eda/synopsys/vcs/O-2018.09-SP2/vcs/O-2018.09-SP2/etc/uvm-1.1/base/uvm_callback.svh'.
Parsing included file '/eda/synopsys/vcs/O-2018.09-SP2/vcs/O-2018.09-SP2/etc/uvm-1.1/uvm_macros.svh'.
Back to file '/eda/synopsys/vcs/O-2018.09-SP2/vcs/O-2018.09-SP2/etc/uvm-1.1/base/uvm_callback.svh'.
Back to file '/eda/synopsys/vcs/O-2018.09-SP2/vcs/O-2018.09-SP2/etc/uvm-1.1/base/uvm_base.svh'.
Parsing included file '/eda/synopsys/vcs/O-2018.09-SP2/vcs/O-2018.09-SP2/etc/uvm-1.1/base/uvm_report_catcher.svh'.
Back to file '/eda/synopsys/vcs/O-2018.09-SP2/vcs/O-2018.09-SP2/etc/uvm-1.1/base/uvm_base.svh'.
Parsing included file '/eda/synopsys/vcs/O-2018.09-SP2/vcs/O-2018.09-SP2/etc/uvm-1.1/base/uvm_report_server.svh'.
Back to file '/eda/synopsys/vcs/O-2018.09-SP2/vcs/O-2018.09-SP2/etc/uvm-1.1/base/uvm_base.svh'.
Parsing included file '/eda/synopsys/vcs/O-2018.09-SP2/vcs/O-2018.09-SP2/etc/uvm-1.1/base/uvm_report_handler.svh'.
Back to file '/eda/synopsys/vcs/O-2018.09-SP2/vcs/O-2018.09-SP2/etc/uvm-1.1/base/uvm_base.svh'.
Parsing included file '/eda/synopsys/vcs/O-2018.09-SP2/vcs/O-2018.09-SP2/etc/uvm-1.1/base/uvm_report_object.svh'.
Back to file '/eda/synopsys/vcs/O-2018.09-SP2/vcs/O-2018.09-SP2/etc/uvm-1.1/base/uvm_base.svh'.
Parsing included file '/eda/synopsys/vcs/O-2018.09-SP2/vcs/O-2018.09-SP2/etc/uvm-1.1/base/uvm_transaction.svh'.
Back to file '/eda/synopsys/vcs/O-2018.09-SP2/vcs/O-2018.09-SP2/etc/uvm-1.1/base/uvm_base.svh'.
Parsing included file '/eda/synopsys/vcs/O-2018.09-SP2/vcs/O-2018.09-SP2/etc/uvm-1.1/base/uvm_phase.svh'.
Back to file '/eda/synopsys/vcs/O-2018.09-SP2/vcs/O-2018.09-SP2/etc/uvm-1.1/base/uvm_base.svh'.
Parsing included file '/eda/synopsys/vcs/O-2018.09-SP2/vcs/O-2018.09-SP2/etc/uvm-1.1/base/uvm_domain.svh'.
Back to file '/eda/synopsys/vcs/O-2018.09-SP2/vcs/O-2018.09-SP2/etc/uvm-1.1/base/uvm_base.svh'.
Parsing included file '/eda/synopsys/vcs/O-2018.09-SP2/vcs/O-2018.09-SP2/etc/uvm-1.1/base/uvm_bottomup_phase.svh'.
Back to file '/eda/synopsys/vcs/O-2018.09-SP2/vcs/O-2018.09-SP2/etc/uvm-1.1/base/uvm_base.svh'.
Parsing included file '/eda/synopsys/vcs/O-2018.09-SP2/vcs/O-2018.09-SP2/etc/uvm-1.1/base/uvm_topdown_phase.svh'.
Back to file '/eda/synopsys/vcs/O-2018.09-SP2/vcs/O-2018.09-SP2/etc/uvm-1.1/base/uvm_base.svh'.
Parsing included file '/eda/synopsys/vcs/O-2018.09-SP2/vcs/O-2018.09-SP2/etc/uvm-1.1/base/uvm_task_phase.svh'.
Back to file '/eda/synopsys/vcs/O-2018.09-SP2/vcs/O-2018.09-SP2/etc/uvm-1.1/base/uvm_base.svh'.
Parsing included file '/eda/synopsys/vcs/O-2018.09-SP2/vcs/O-2018.09-SP2/etc/uvm-1.1/base/uvm_common_phases.svh'.
Back to file '/eda/synopsys/vcs/O-2018.09-SP2/vcs/O-2018.09-SP2/etc/uvm-1.1/base/uvm_base.svh'.
Parsing included file '/eda/synopsys/vcs/O-2018.09-SP2/vcs/O-2018.09-SP2/etc/uvm-1.1/base/uvm_runtime_phases.svh'.
Back to file '/eda/synopsys/vcs/O-2018.09-SP2/vcs/O-2018.09-SP2/etc/uvm-1.1/base/uvm_base.svh'.
Parsing included file '/eda/synopsys/vcs/O-2018.09-SP2/vcs/O-2018.09-SP2/etc/uvm-1.1/base/uvm_component.svh'.
Parsing included file '/eda/synopsys/vcs/O-2018.09-SP2/vcs/O-2018.09-SP2/etc/uvm-1.1/base/uvm_root.svh'.
Back to file '/eda/synopsys/vcs/O-2018.09-SP2/vcs/O-2018.09-SP2/etc/uvm-1.1/base/uvm_component.svh'.
Back to file '/eda/synopsys/vcs/O-2018.09-SP2/vcs/O-2018.09-SP2/etc/uvm-1.1/base/uvm_base.svh'.
Parsing included file '/eda/synopsys/vcs/O-2018.09-SP2/vcs/O-2018.09-SP2/etc/uvm-1.1/base/uvm_objection.svh'.
Back to file '/eda/synopsys/vcs/O-2018.09-SP2/vcs/O-2018.09-SP2/etc/uvm-1.1/base/uvm_base.svh'.
Parsing included file '/eda/synopsys/vcs/O-2018.09-SP2/vcs/O-2018.09-SP2/etc/uvm-1.1/base/uvm_heartbeat.svh'.
Back to file '/eda/synopsys/vcs/O-2018.09-SP2/vcs/O-2018.09-SP2/etc/uvm-1.1/base/uvm_base.svh'.
Parsing included file '/eda/synopsys/vcs/O-2018.09-SP2/vcs/O-2018.09-SP2/etc/uvm-1.1/base/uvm_globals.svh'.
Back to file '/eda/synopsys/vcs/O-2018.09-SP2/vcs/O-2018.09-SP2/etc/uvm-1.1/base/uvm_base.svh'.
Parsing included file '/eda/synopsys/vcs/O-2018.09-SP2/vcs/O-2018.09-SP2/etc/uvm-1.1/base/uvm_cmdline_processor.svh'.
Back to file '/eda/synopsys/vcs/O-2018.09-SP2/vcs/O-2018.09-SP2/etc/uvm-1.1/base/uvm_base.svh'.
Back to file '/eda/synopsys/vcs/O-2018.09-SP2/vcs/O-2018.09-SP2/etc/uvm-1.1/uvm_pkg.sv'.
Parsing included file '/eda/synopsys/vcs/O-2018.09-SP2/vcs/O-2018.09-SP2/etc/uvm-1.1/tlm1/uvm_tlm.svh'.
Parsing included file '/eda/synopsys/vcs/O-2018.09-SP2/vcs/O-2018.09-SP2/etc/uvm-1.1/tlm1/uvm_tlm_ifs.svh'.
Back to file '/eda/synopsys/vcs/O-2018.09-SP2/vcs/O-2018.09-SP2/etc/uvm-1.1/tlm1/uvm_tlm.svh'.
Parsing included file '/eda/synopsys/vcs/O-2018.09-SP2/vcs/O-2018.09-SP2/etc/uvm-1.1/tlm1/uvm_sqr_ifs.svh'.
Back to file '/eda/synopsys/vcs/O-2018.09-SP2/vcs/O-2018.09-SP2/etc/uvm-1.1/tlm1/uvm_tlm.svh'.
Parsing included file '/eda/synopsys/vcs/O-2018.09-SP2/vcs/O-2018.09-SP2/etc/uvm-1.1/base/uvm_port_base.svh'.
Back to file '/eda/synopsys/vcs/O-2018.09-SP2/vcs/O-2018.09-SP2/etc/uvm-1.1/tlm1/uvm_tlm.svh'.
Parsing included file '/eda/synopsys/vcs/O-2018.09-SP2/vcs/O-2018.09-SP2/etc/uvm-1.1/tlm1/uvm_tlm_imps.svh'.
Back to file '/eda/synopsys/vcs/O-2018.09-SP2/vcs/O-2018.09-SP2/etc/uvm-1.1/tlm1/uvm_tlm.svh'.
Parsing included file '/eda/synopsys/vcs/O-2018.09-SP2/vcs/O-2018.09-SP2/etc/uvm-1.1/tlm1/uvm_imps.svh'.
Back to file '/eda/synopsys/vcs/O-2018.09-SP2/vcs/O-2018.09-SP2/etc/uvm-1.1/tlm1/uvm_tlm.svh'.
Parsing included file '/eda/synopsys/vcs/O-2018.09-SP2/vcs/O-2018.09-SP2/etc/uvm-1.1/tlm1/uvm_ports.svh'.
Back to file '/eda/synopsys/vcs/O-2018.09-SP2/vcs/O-2018.09-SP2/etc/uvm-1.1/tlm1/uvm_tlm.svh'.
Parsing included file '/eda/synopsys/vcs/O-2018.09-SP2/vcs/O-2018.09-SP2/etc/uvm-1.1/tlm1/uvm_exports.svh'.
Back to file '/eda/synopsys/vcs/O-2018.09-SP2/vcs/O-2018.09-SP2/etc/uvm-1.1/tlm1/uvm_tlm.svh'.
Parsing included file '/eda/synopsys/vcs/O-2018.09-SP2/vcs/O-2018.09-SP2/etc/uvm-1.1/tlm1/uvm_analysis_port.svh'.
Back to file '/eda/synopsys/vcs/O-2018.09-SP2/vcs/O-2018.09-SP2/etc/uvm-1.1/tlm1/uvm_tlm.svh'.
Parsing included file '/eda/synopsys/vcs/O-2018.09-SP2/vcs/O-2018.09-SP2/etc/uvm-1.1/tlm1/uvm_tlm_fifo_base.svh'.
Back to file '/eda/synopsys/vcs/O-2018.09-SP2/vcs/O-2018.09-SP2/etc/uvm-1.1/tlm1/uvm_tlm.svh'.
Parsing included file '/eda/synopsys/vcs/O-2018.09-SP2/vcs/O-2018.09-SP2/etc/uvm-1.1/tlm1/uvm_tlm_fifos.svh'.
Back to file '/eda/synopsys/vcs/O-2018.09-SP2/vcs/O-2018.09-SP2/etc/uvm-1.1/tlm1/uvm_tlm.svh'.
Parsing included file '/eda/synopsys/vcs/O-2018.09-SP2/vcs/O-2018.09-SP2/etc/uvm-1.1/tlm1/uvm_tlm_req_rsp.svh'.
Back to file '/eda/synopsys/vcs/O-2018.09-SP2/vcs/O-2018.09-SP2/etc/uvm-1.1/tlm1/uvm_tlm.svh'.
Parsing included file '/eda/synopsys/vcs/O-2018.09-SP2/vcs/O-2018.09-SP2/etc/uvm-1.1/tlm1/uvm_sqr_connections.svh'.
Back to file '/eda/synopsys/vcs/O-2018.09-SP2/vcs/O-2018.09-SP2/etc/uvm-1.1/tlm1/uvm_tlm.svh'.
Back to file '/eda/synopsys/vcs/O-2018.09-SP2/vcs/O-2018.09-SP2/etc/uvm-1.1/uvm_pkg.sv'.
Parsing included file '/eda/synopsys/vcs/O-2018.09-SP2/vcs/O-2018.09-SP2/etc/uvm-1.1/comps/uvm_comps.svh'.
Parsing included file '/eda/synopsys/vcs/O-2018.09-SP2/vcs/O-2018.09-SP2/etc/uvm-1.1/comps/uvm_pair.svh'.
Back to file '/eda/synopsys/vcs/O-2018.09-SP2/vcs/O-2018.09-SP2/etc/uvm-1.1/comps/uvm_comps.svh'.
Parsing included file '/eda/synopsys/vcs/O-2018.09-SP2/vcs/O-2018.09-SP2/etc/uvm-1.1/comps/uvm_policies.svh'.
Back to file '/eda/synopsys/vcs/O-2018.09-SP2/vcs/O-2018.09-SP2/etc/uvm-1.1/comps/uvm_comps.svh'.
Parsing included file '/eda/synopsys/vcs/O-2018.09-SP2/vcs/O-2018.09-SP2/etc/uvm-1.1/comps/uvm_in_order_comparator.svh'.
Back to file '/eda/synopsys/vcs/O-2018.09-SP2/vcs/O-2018.09-SP2/etc/uvm-1.1/comps/uvm_comps.svh'.
Parsing included file '/eda/synopsys/vcs/O-2018.09-SP2/vcs/O-2018.09-SP2/etc/uvm-1.1/comps/uvm_algorithmic_comparator.svh'.
Back to file '/eda/synopsys/vcs/O-2018.09-SP2/vcs/O-2018.09-SP2/etc/uvm-1.1/comps/uvm_comps.svh'.
Parsing included file '/eda/synopsys/vcs/O-2018.09-SP2/vcs/O-2018.09-SP2/etc/uvm-1.1/comps/uvm_random_stimulus.svh'.
Back to file '/eda/synopsys/vcs/O-2018.09-SP2/vcs/O-2018.09-SP2/etc/uvm-1.1/comps/uvm_comps.svh'.
Parsing included file '/eda/synopsys/vcs/O-2018.09-SP2/vcs/O-2018.09-SP2/etc/uvm-1.1/comps/uvm_subscriber.svh'.
Back to file '/eda/synopsys/vcs/O-2018.09-SP2/vcs/O-2018.09-SP2/etc/uvm-1.1/comps/uvm_comps.svh'.
Parsing included file '/eda/synopsys/vcs/O-2018.09-SP2/vcs/O-2018.09-SP2/etc/uvm-1.1/comps/uvm_monitor.svh'.
Back to file '/eda/synopsys/vcs/O-2018.09-SP2/vcs/O-2018.09-SP2/etc/uvm-1.1/comps/uvm_comps.svh'.
Parsing included file '/eda/synopsys/vcs/O-2018.09-SP2/vcs/O-2018.09-SP2/etc/uvm-1.1/comps/uvm_driver.svh'.
Back to file '/eda/synopsys/vcs/O-2018.09-SP2/vcs/O-2018.09-SP2/etc/uvm-1.1/comps/uvm_comps.svh'.
Parsing included file '/eda/synopsys/vcs/O-2018.09-SP2/vcs/O-2018.09-SP2/etc/uvm-1.1/comps/uvm_push_driver.svh'.
Back to file '/eda/synopsys/vcs/O-2018.09-SP2/vcs/O-2018.09-SP2/etc/uvm-1.1/comps/uvm_comps.svh'.
Parsing included file '/eda/synopsys/vcs/O-2018.09-SP2/vcs/O-2018.09-SP2/etc/uvm-1.1/comps/uvm_scoreboard.svh'.
Back to file '/eda/synopsys/vcs/O-2018.09-SP2/vcs/O-2018.09-SP2/etc/uvm-1.1/comps/uvm_comps.svh'.
Parsing included file '/eda/synopsys/vcs/O-2018.09-SP2/vcs/O-2018.09-SP2/etc/uvm-1.1/comps/uvm_agent.svh'.
Back to file '/eda/synopsys/vcs/O-2018.09-SP2/vcs/O-2018.09-SP2/etc/uvm-1.1/comps/uvm_comps.svh'.
Parsing included file '/eda/synopsys/vcs/O-2018.09-SP2/vcs/O-2018.09-SP2/etc/uvm-1.1/comps/uvm_env.svh'.
Back to file '/eda/synopsys/vcs/O-2018.09-SP2/vcs/O-2018.09-SP2/etc/uvm-1.1/comps/uvm_comps.svh'.
Parsing included file '/eda/synopsys/vcs/O-2018.09-SP2/vcs/O-2018.09-SP2/etc/uvm-1.1/comps/uvm_test.svh'.
Back to file '/eda/synopsys/vcs/O-2018.09-SP2/vcs/O-2018.09-SP2/etc/uvm-1.1/comps/uvm_comps.svh'.
Back to file '/eda/synopsys/vcs/O-2018.09-SP2/vcs/O-2018.09-SP2/etc/uvm-1.1/uvm_pkg.sv'.
Parsing included file '/eda/synopsys/vcs/O-2018.09-SP2/vcs/O-2018.09-SP2/etc/uvm-1.1/seq/uvm_seq.svh'.
Parsing included file '/eda/synopsys/vcs/O-2018.09-SP2/vcs/O-2018.09-SP2/etc/uvm-1.1/seq/uvm_sequence_item.svh'.
Back to file '/eda/synopsys/vcs/O-2018.09-SP2/vcs/O-2018.09-SP2/etc/uvm-1.1/seq/uvm_seq.svh'.
Parsing included file '/eda/synopsys/vcs/O-2018.09-SP2/vcs/O-2018.09-SP2/etc/uvm-1.1/seq/uvm_sequencer_base.svh'.
Back to file '/eda/synopsys/vcs/O-2018.09-SP2/vcs/O-2018.09-SP2/etc/uvm-1.1/seq/uvm_seq.svh'.
Parsing included file '/eda/synopsys/vcs/O-2018.09-SP2/vcs/O-2018.09-SP2/etc/uvm-1.1/seq/uvm_sequencer_analysis_fifo.svh'.
Back to file '/eda/synopsys/vcs/O-2018.09-SP2/vcs/O-2018.09-SP2/etc/uvm-1.1/seq/uvm_seq.svh'.
Parsing included file '/eda/synopsys/vcs/O-2018.09-SP2/vcs/O-2018.09-SP2/etc/uvm-1.1/seq/uvm_sequencer_param_base.svh'.
Back to file '/eda/synopsys/vcs/O-2018.09-SP2/vcs/O-2018.09-SP2/etc/uvm-1.1/seq/uvm_seq.svh'.
Parsing included file '/eda/synopsys/vcs/O-2018.09-SP2/vcs/O-2018.09-SP2/etc/uvm-1.1/seq/uvm_sequencer.svh'.
Back to file '/eda/synopsys/vcs/O-2018.09-SP2/vcs/O-2018.09-SP2/etc/uvm-1.1/seq/uvm_seq.svh'.
Parsing included file '/eda/synopsys/vcs/O-2018.09-SP2/vcs/O-2018.09-SP2/etc/uvm-1.1/seq/uvm_push_sequencer.svh'.
Back to file '/eda/synopsys/vcs/O-2018.09-SP2/vcs/O-2018.09-SP2/etc/uvm-1.1/seq/uvm_seq.svh'.
Parsing included file '/eda/synopsys/vcs/O-2018.09-SP2/vcs/O-2018.09-SP2/etc/uvm-1.1/seq/uvm_sequence_base.svh'.
Back to file '/eda/synopsys/vcs/O-2018.09-SP2/vcs/O-2018.09-SP2/etc/uvm-1.1/seq/uvm_seq.svh'.
Parsing included file '/eda/synopsys/vcs/O-2018.09-SP2/vcs/O-2018.09-SP2/etc/uvm-1.1/seq/uvm_sequence.svh'.
Back to file '/eda/synopsys/vcs/O-2018.09-SP2/vcs/O-2018.09-SP2/etc/uvm-1.1/seq/uvm_seq.svh'.
Parsing included file '/eda/synopsys/vcs/O-2018.09-SP2/vcs/O-2018.09-SP2/etc/uvm-1.1/seq/uvm_sequence_library.svh'.
Back to file '/eda/synopsys/vcs/O-2018.09-SP2/vcs/O-2018.09-SP2/etc/uvm-1.1/seq/uvm_seq.svh'.
Parsing included file '/eda/synopsys/vcs/O-2018.09-SP2/vcs/O-2018.09-SP2/etc/uvm-1.1/seq/uvm_sequence_builtin.svh'.
Back to file '/eda/synopsys/vcs/O-2018.09-SP2/vcs/O-2018.09-SP2/etc/uvm-1.1/seq/uvm_seq.svh'.
Back to file '/eda/synopsys/vcs/O-2018.09-SP2/vcs/O-2018.09-SP2/etc/uvm-1.1/uvm_pkg.sv'.
Parsing included file '/eda/synopsys/vcs/O-2018.09-SP2/vcs/O-2018.09-SP2/etc/uvm-1.1/tlm2/uvm_tlm2.svh'.
Parsing included file '/eda/synopsys/vcs/O-2018.09-SP2/vcs/O-2018.09-SP2/etc/uvm-1.1/tlm2/uvm_tlm2_defines.svh'.
Back to file '/eda/synopsys/vcs/O-2018.09-SP2/vcs/O-2018.09-SP2/etc/uvm-1.1/tlm2/uvm_tlm2.svh'.
Parsing included file '/eda/synopsys/vcs/O-2018.09-SP2/vcs/O-2018.09-SP2/etc/uvm-1.1/tlm2/uvm_tlm2_time.svh'.
Back to file '/eda/synopsys/vcs/O-2018.09-SP2/vcs/O-2018.09-SP2/etc/uvm-1.1/tlm2/uvm_tlm2.svh'.
Parsing included file '/eda/synopsys/vcs/O-2018.09-SP2/vcs/O-2018.09-SP2/etc/uvm-1.1/tlm2/uvm_tlm2_generic_payload.svh'.
Back to file '/eda/synopsys/vcs/O-2018.09-SP2/vcs/O-2018.09-SP2/etc/uvm-1.1/tlm2/uvm_tlm2.svh'.
Parsing included file '/eda/synopsys/vcs/O-2018.09-SP2/vcs/O-2018.09-SP2/etc/uvm-1.1/tlm2/uvm_tlm2_ifs.svh'.
Back to file '/eda/synopsys/vcs/O-2018.09-SP2/vcs/O-2018.09-SP2/etc/uvm-1.1/tlm2/uvm_tlm2.svh'.
Parsing included file '/eda/synopsys/vcs/O-2018.09-SP2/vcs/O-2018.09-SP2/etc/uvm-1.1/tlm2/uvm_tlm2_imps.svh'.
Back to file '/eda/synopsys/vcs/O-2018.09-SP2/vcs/O-2018.09-SP2/etc/uvm-1.1/tlm2/uvm_tlm2.svh'.
Parsing included file '/eda/synopsys/vcs/O-2018.09-SP2/vcs/O-2018.09-SP2/etc/uvm-1.1/tlm2/uvm_tlm2_ports.svh'.
Back to file '/eda/synopsys/vcs/O-2018.09-SP2/vcs/O-2018.09-SP2/etc/uvm-1.1/tlm2/uvm_tlm2.svh'.
Parsing included file '/eda/synopsys/vcs/O-2018.09-SP2/vcs/O-2018.09-SP2/etc/uvm-1.1/tlm2/uvm_tlm2_exports.svh'.
Back to file '/eda/synopsys/vcs/O-2018.09-SP2/vcs/O-2018.09-SP2/etc/uvm-1.1/tlm2/uvm_tlm2.svh'.
Parsing included file '/eda/synopsys/vcs/O-2018.09-SP2/vcs/O-2018.09-SP2/etc/uvm-1.1/tlm2/uvm_tlm2_sockets_base.svh'.
Back to file '/eda/synopsys/vcs/O-2018.09-SP2/vcs/O-2018.09-SP2/etc/uvm-1.1/tlm2/uvm_tlm2.svh'.
Parsing included file '/eda/synopsys/vcs/O-2018.09-SP2/vcs/O-2018.09-SP2/etc/uvm-1.1/tlm2/uvm_tlm2_sockets.svh'.
Back to file '/eda/synopsys/vcs/O-2018.09-SP2/vcs/O-2018.09-SP2/etc/uvm-1.1/tlm2/uvm_tlm2.svh'.
Back to file '/eda/synopsys/vcs/O-2018.09-SP2/vcs/O-2018.09-SP2/etc/uvm-1.1/uvm_pkg.sv'.
Parsing included file '/eda/synopsys/vcs/O-2018.09-SP2/vcs/O-2018.09-SP2/etc/uvm-1.1/reg/uvm_reg_model.svh'.
Parsing included file '/eda/synopsys/vcs/O-2018.09-SP2/vcs/O-2018.09-SP2/etc/uvm-1.1/reg/uvm_reg_item.svh'.
Back to file '/eda/synopsys/vcs/O-2018.09-SP2/vcs/O-2018.09-SP2/etc/uvm-1.1/reg/uvm_reg_model.svh'.
Parsing included file '/eda/synopsys/vcs/O-2018.09-SP2/vcs/O-2018.09-SP2/etc/uvm-1.1/reg/uvm_reg_adapter.svh'.
Back to file '/eda/synopsys/vcs/O-2018.09-SP2/vcs/O-2018.09-SP2/etc/uvm-1.1/reg/uvm_reg_model.svh'.
Parsing included file '/eda/synopsys/vcs/O-2018.09-SP2/vcs/O-2018.09-SP2/etc/uvm-1.1/reg/uvm_reg_predictor.svh'.
Back to file '/eda/synopsys/vcs/O-2018.09-SP2/vcs/O-2018.09-SP2/etc/uvm-1.1/reg/uvm_reg_model.svh'.
Parsing included file '/eda/synopsys/vcs/O-2018.09-SP2/vcs/O-2018.09-SP2/etc/uvm-1.1/reg/uvm_reg_sequence.svh'.
Back to file '/eda/synopsys/vcs/O-2018.09-SP2/vcs/O-2018.09-SP2/etc/uvm-1.1/reg/uvm_reg_model.svh'.
Parsing included file '/eda/synopsys/vcs/O-2018.09-SP2/vcs/O-2018.09-SP2/etc/uvm-1.1/reg/uvm_reg_cbs.svh'.
Back to file '/eda/synopsys/vcs/O-2018.09-SP2/vcs/O-2018.09-SP2/etc/uvm-1.1/reg/uvm_reg_model.svh'.
Parsing included file '/eda/synopsys/vcs/O-2018.09-SP2/vcs/O-2018.09-SP2/etc/uvm-1.1/reg/uvm_reg_backdoor.svh'.
Back to file '/eda/synopsys/vcs/O-2018.09-SP2/vcs/O-2018.09-SP2/etc/uvm-1.1/reg/uvm_reg_model.svh'.
Parsing included file '/eda/synopsys/vcs/O-2018.09-SP2/vcs/O-2018.09-SP2/etc/uvm-1.1/reg/uvm_reg_field.svh'.
Back to file '/eda/synopsys/vcs/O-2018.09-SP2/vcs/O-2018.09-SP2/etc/uvm-1.1/reg/uvm_reg_model.svh'.
Parsing included file '/eda/synopsys/vcs/O-2018.09-SP2/vcs/O-2018.09-SP2/etc/uvm-1.1/reg/uvm_vreg_field.svh'.
Back to file '/eda/synopsys/vcs/O-2018.09-SP2/vcs/O-2018.09-SP2/etc/uvm-1.1/reg/uvm_reg_model.svh'.
Parsing included file '/eda/synopsys/vcs/O-2018.09-SP2/vcs/O-2018.09-SP2/etc/uvm-1.1/reg/uvm_reg.svh'.
Back to file '/eda/synopsys/vcs/O-2018.09-SP2/vcs/O-2018.09-SP2/etc/uvm-1.1/reg/uvm_reg_model.svh'.
Parsing included file '/eda/synopsys/vcs/O-2018.09-SP2/vcs/O-2018.09-SP2/etc/uvm-1.1/reg/uvm_reg_indirect.svh'.
Back to file '/eda/synopsys/vcs/O-2018.09-SP2/vcs/O-2018.09-SP2/etc/uvm-1.1/reg/uvm_reg_model.svh'.
Parsing included file '/eda/synopsys/vcs/O-2018.09-SP2/vcs/O-2018.09-SP2/etc/uvm-1.1/reg/uvm_reg_fifo.svh'.
Back to file '/eda/synopsys/vcs/O-2018.09-SP2/vcs/O-2018.09-SP2/etc/uvm-1.1/reg/uvm_reg_model.svh'.
Parsing included file '/eda/synopsys/vcs/O-2018.09-SP2/vcs/O-2018.09-SP2/etc/uvm-1.1/reg/uvm_reg_file.svh'.
Back to file '/eda/synopsys/vcs/O-2018.09-SP2/vcs/O-2018.09-SP2/etc/uvm-1.1/reg/uvm_reg_model.svh'.
Parsing included file '/eda/synopsys/vcs/O-2018.09-SP2/vcs/O-2018.09-SP2/etc/uvm-1.1/reg/uvm_mem_mam.svh'.
Back to file '/eda/synopsys/vcs/O-2018.09-SP2/vcs/O-2018.09-SP2/etc/uvm-1.1/reg/uvm_reg_model.svh'.
Parsing included file '/eda/synopsys/vcs/O-2018.09-SP2/vcs/O-2018.09-SP2/etc/uvm-1.1/reg/uvm_vreg.svh'.
Back to file '/eda/synopsys/vcs/O-2018.09-SP2/vcs/O-2018.09-SP2/etc/uvm-1.1/reg/uvm_reg_model.svh'.
Parsing included file '/eda/synopsys/vcs/O-2018.09-SP2/vcs/O-2018.09-SP2/etc/uvm-1.1/reg/uvm_mem.svh'.
Back to file '/eda/synopsys/vcs/O-2018.09-SP2/vcs/O-2018.09-SP2/etc/uvm-1.1/reg/uvm_reg_model.svh'.
Parsing included file '/eda/synopsys/vcs/O-2018.09-SP2/vcs/O-2018.09-SP2/etc/uvm-1.1/reg/uvm_reg_map.svh'.
Back to file '/eda/synopsys/vcs/O-2018.09-SP2/vcs/O-2018.09-SP2/etc/uvm-1.1/reg/uvm_reg_model.svh'.
Parsing included file '/eda/synopsys/vcs/O-2018.09-SP2/vcs/O-2018.09-SP2/etc/uvm-1.1/reg/uvm_reg_block.svh'.
Back to file '/eda/synopsys/vcs/O-2018.09-SP2/vcs/O-2018.09-SP2/etc/uvm-1.1/reg/uvm_reg_model.svh'.
Parsing included file '/eda/synopsys/vcs/O-2018.09-SP2/vcs/O-2018.09-SP2/etc/uvm-1.1/reg/sequences/uvm_reg_hw_reset_seq.svh'.
Back to file '/eda/synopsys/vcs/O-2018.09-SP2/vcs/O-2018.09-SP2/etc/uvm-1.1/reg/uvm_reg_model.svh'.
Parsing included file '/eda/synopsys/vcs/O-2018.09-SP2/vcs/O-2018.09-SP2/etc/uvm-1.1/reg/sequences/uvm_reg_bit_bash_seq.svh'.
Back to file '/eda/synopsys/vcs/O-2018.09-SP2/vcs/O-2018.09-SP2/etc/uvm-1.1/reg/uvm_reg_model.svh'.
Parsing included file '/eda/synopsys/vcs/O-2018.09-SP2/vcs/O-2018.09-SP2/etc/uvm-1.1/reg/sequences/uvm_mem_walk_seq.svh'.
Back to file '/eda/synopsys/vcs/O-2018.09-SP2/vcs/O-2018.09-SP2/etc/uvm-1.1/reg/uvm_reg_model.svh'.
Parsing included file '/eda/synopsys/vcs/O-2018.09-SP2/vcs/O-2018.09-SP2/etc/uvm-1.1/reg/sequences/uvm_mem_access_seq.svh'.
Back to file '/eda/synopsys/vcs/O-2018.09-SP2/vcs/O-2018.09-SP2/etc/uvm-1.1/reg/uvm_reg_model.svh'.
Parsing included file '/eda/synopsys/vcs/O-2018.09-SP2/vcs/O-2018.09-SP2/etc/uvm-1.1/reg/sequences/uvm_reg_access_seq.svh'.
Back to file '/eda/synopsys/vcs/O-2018.09-SP2/vcs/O-2018.09-SP2/etc/uvm-1.1/reg/uvm_reg_model.svh'.
Parsing included file '/eda/synopsys/vcs/O-2018.09-SP2/vcs/O-2018.09-SP2/etc/uvm-1.1/reg/sequences/uvm_reg_mem_shared_access_seq.svh'.
Back to file '/eda/synopsys/vcs/O-2018.09-SP2/vcs/O-2018.09-SP2/etc/uvm-1.1/reg/uvm_reg_model.svh'.
Parsing included file '/eda/synopsys/vcs/O-2018.09-SP2/vcs/O-2018.09-SP2/etc/uvm-1.1/reg/sequences/uvm_reg_mem_built_in_seq.svh'.
Back to file '/eda/synopsys/vcs/O-2018.09-SP2/vcs/O-2018.09-SP2/etc/uvm-1.1/reg/uvm_reg_model.svh'.
Parsing included file '/eda/synopsys/vcs/O-2018.09-SP2/vcs/O-2018.09-SP2/etc/uvm-1.1/reg/sequences/uvm_reg_mem_hdl_paths_seq.svh'.
Back to file '/eda/synopsys/vcs/O-2018.09-SP2/vcs/O-2018.09-SP2/etc/uvm-1.1/reg/uvm_reg_model.svh'.
Parsing included file '/eda/synopsys/vcs/O-2018.09-SP2/vcs/O-2018.09-SP2/etc/uvm-1.1/reg/snps_uvm_reg_bank.svh'.
Back to file '/eda/synopsys/vcs/O-2018.09-SP2/vcs/O-2018.09-SP2/etc/uvm-1.1/reg/uvm_reg_model.svh'.
Back to file '/eda/synopsys/vcs/O-2018.09-SP2/vcs/O-2018.09-SP2/etc/uvm-1.1/uvm_pkg.sv'.
Parsing design file 'rtl/tx_cmd_fifo.sv'
Parsing design file 'rtl/tx_dat_fifo.sv'
Parsing design file 'rtl/rx_fifo.sv'
Parsing design file 'rtl/apb_reg_file.sv'
Parsing design file 'rtl/i2c_master_fsm.sv'
Parsing design file 'rtl/i2c_slave_fsm.sv'
Parsing design file 'rtl/i2c_io_buf.sv'
Parsing design file 'rtl/i2c_ctrl_top.sv'
Parsing design file 'tb/uvm/src/apb/apb_if.sv'
Parsing design file 'tb/uvm/src/i2c/i2c_if.sv'
Parsing design file 'tb/uvm/src/uvm_macros.svh'
Parsing design file 'tb/uvm/src/i2c_ctrl_pkg.sv'
Parsing included file '/eda/synopsys/vcs/O-2018.09-SP2/vcs/O-2018.09-SP2/etc/uvm-1.1/uvm_macros.svh'.
Back to file 'tb/uvm/src/i2c_ctrl_pkg.sv'.
Parsing included file 'tb/uvm/src/apb/apb_transfer.sv'.

Note-[SV-LCM-PPWI] Package previously wildcard imported
tb/uvm/src/apb/apb_transfer.sv, 2
i2c_ctrl_pkg
  Package 'uvm_pkg' already wildcard imported. 
  Ignoring uvm_pkg::*
  See the SystemVerilog LRM(1800-2005), section 19.2.1.

Back to file 'tb/uvm/src/i2c_ctrl_pkg.sv'.
Parsing included file 'tb/uvm/src/apb/apb_driver.sv'.
Back to file 'tb/uvm/src/i2c_ctrl_pkg.sv'.
Parsing included file 'tb/uvm/src/apb/apb_monitor.sv'.
Back to file 'tb/uvm/src/i2c_ctrl_pkg.sv'.
Parsing included file 'tb/uvm/src/i2c/i2c_transfer.sv'.

Note-[SV-LCM-PPWI] Package previously wildcard imported
tb/uvm/src/i2c/i2c_transfer.sv, 2
i2c_ctrl_pkg
  Package 'uvm_pkg' already wildcard imported. 
  Ignoring uvm_pkg::*
  See the SystemVerilog LRM(1800-2005), section 19.2.1.

Back to file 'tb/uvm/src/i2c_ctrl_pkg.sv'.
Parsing included file 'tb/uvm/src/i2c/i2c_master_agent.sv'.

Note-[SV-LCM-PPWI] Package previously wildcard imported
tb/uvm/src/i2c/i2c_master_agent.sv, 1
i2c_ctrl_pkg
  Package 'uvm_pkg' already wildcard imported. 
  Ignoring uvm_pkg::*
  See the SystemVerilog LRM(1800-2005), section 19.2.1.

Back to file 'tb/uvm/src/i2c_ctrl_pkg.sv'.
Parsing included file 'tb/uvm/src/i2c/i2c_slave_agent.sv'.

Note-[SV-LCM-PPWI] Package previously wildcard imported
tb/uvm/src/i2c/i2c_slave_agent.sv, 1
i2c_ctrl_pkg
  Package 'uvm_pkg' already wildcard imported. 
  Ignoring uvm_pkg::*
  See the SystemVerilog LRM(1800-2005), section 19.2.1.

Back to file 'tb/uvm/src/i2c_ctrl_pkg.sv'.
Parsing included file 'tb/uvm/src/i2c/i2c_bus_monitor.sv'.
Back to file 'tb/uvm/src/i2c_ctrl_pkg.sv'.
Parsing included file 'tb/uvm/src/i2c/i2c_protocol_checker.sv'.
Back to file 'tb/uvm/src/i2c_ctrl_pkg.sv'.
Parsing included file 'tb/uvm/src/env/scoreboard.sv'.
Back to file 'tb/uvm/src/i2c_ctrl_pkg.sv'.
Parsing included file 'tb/uvm/src/env/i2c_ctrl_env.sv'.
Back to file 'tb/uvm/src/i2c_ctrl_pkg.sv'.
Parsing included file 'tb/uvm/src/tests/test_cfg.sv'.
Back to file 'tb/uvm/src/i2c_ctrl_pkg.sv'.
Parsing included file 'tb/uvm/src/tests/base_test.sv'.
Back to file 'tb/uvm/src/i2c_ctrl_pkg.sv'.
Parsing included file 'tb/uvm/src/tests/basic/test_basic_master_single_write.sv'.
Back to file 'tb/uvm/src/i2c_ctrl_pkg.sv'.
Parsing included file 'tb/uvm/src/tests/basic/test_basic_master_burst_write.sv'.
Back to file 'tb/uvm/src/i2c_ctrl_pkg.sv'.
Parsing included file 'tb/uvm/src/tests/basic/test_basic_master_single_read.sv'.
Back to file 'tb/uvm/src/i2c_ctrl_pkg.sv'.
Parsing included file 'tb/uvm/src/tests/basic/test_basic_master_burst_read.sv'.
Back to file 'tb/uvm/src/i2c_ctrl_pkg.sv'.
Parsing included file 'tb/uvm/src/tests/basic/test_basic_master_repeated_start.sv'.
Back to file 'tb/uvm/src/i2c_ctrl_pkg.sv'.
Parsing included file 'tb/uvm/src/tests/basic/test_basic_master_addr_nack.sv'.
Back to file 'tb/uvm/src/i2c_ctrl_pkg.sv'.
Parsing included file 'tb/uvm/src/tests/basic/test_basic_master_data_nack.sv'.
Back to file 'tb/uvm/src/i2c_ctrl_pkg.sv'.
Parsing included file 'tb/uvm/src/tests/basic/test_basic_slave_receive.sv'.
Back to file 'tb/uvm/src/i2c_ctrl_pkg.sv'.
Parsing included file 'tb/uvm/src/tests/basic/test_basic_slave_transmit.sv'.
Back to file 'tb/uvm/src/i2c_ctrl_pkg.sv'.
Parsing included file 'tb/uvm/src/tests/basic/test_basic_slave_addr_no_match.sv'.
Back to file 'tb/uvm/src/i2c_ctrl_pkg.sv'.
Parsing included file 'tb/uvm/src/tests/interrupt/test_interrupt_rx_full.sv'.
Back to file 'tb/uvm/src/i2c_ctrl_pkg.sv'.
Parsing included file 'tb/uvm/src/tests/interrupt/test_interrupt_tx_empty.sv'.
Back to file 'tb/uvm/src/i2c_ctrl_pkg.sv'.
Parsing included file 'tb/uvm/src/tests/interrupt/test_interrupt_tx_abrt.sv'.
Back to file 'tb/uvm/src/i2c_ctrl_pkg.sv'.
Parsing included file 'tb/uvm/src/tests/interrupt/test_interrupt_stop_det.sv'.
Back to file 'tb/uvm/src/i2c_ctrl_pkg.sv'.
Parsing included file 'tb/uvm/src/tests/reg/test_reg_con_write_read.sv'.
Back to file 'tb/uvm/src/i2c_ctrl_pkg.sv'.
Parsing included file 'tb/uvm/src/tests/reg/test_reg_tar_sar.sv'.
Back to file 'tb/uvm/src/i2c_ctrl_pkg.sv'.
Parsing included file 'tb/uvm/src/tests/reg/test_reg_hcnt_lcnt_speed.sv'.
Back to file 'tb/uvm/src/i2c_ctrl_pkg.sv'.
Parsing included file 'tb/uvm/src/tests/reg/test_reg_enable_abort.sv'.
Back to file 'tb/uvm/src/i2c_ctrl_pkg.sv'.
Parsing included file 'tb/uvm/src/tests/reg/test_reg_undefined_addr.sv'.
Back to file 'tb/uvm/src/i2c_ctrl_pkg.sv'.
Parsing included file 'tb/uvm/src/tests/rand/test_rand_master_write.sv'.
Back to file 'tb/uvm/src/i2c_ctrl_pkg.sv'.
Parsing included file 'tb/uvm/src/tests/rand/test_rand_master_read.sv'.
Back to file 'tb/uvm/src/i2c_ctrl_pkg.sv'.
Parsing included file 'tb/uvm/src/tests/rand/test_rand_slave_receive.sv'.
Back to file 'tb/uvm/src/i2c_ctrl_pkg.sv'.
Parsing included file 'tb/uvm/src/tests/rand/test_rand_reg_access.sv'.
Back to file 'tb/uvm/src/i2c_ctrl_pkg.sv'.
Parsing included file 'tb/uvm/src/tests/rand/test_rand_interrupt_mask.sv'.
Back to file 'tb/uvm/src/i2c_ctrl_pkg.sv'.
Parsing design file 'tb/uvm/src/tests/tb_top.sv'
Top Level Modules:
       tb_top
TimeScale is 1 ns / 1 ps

Warning-[TFIPC] Too few instance port connections
rtl/i2c_ctrl_top.sv, 114
i2c_ctrl_top, "apb_reg_file u_apb_reg( .pclk (pclk),  .presetn (presetn),  .paddr (paddr),  .psel (psel),  .penable (penable),  .pwrite (pwrite),  .pwdata (pwdata),  .prdata (prdata),  .pready (pready),  .ic_tar (ic_tar),  .ic_sar (ic_sar),  .master_mode (master_mode),  .speed (speed),  .restart_en (restart_en),  .slave_disable (slave_disable),  .ss_hcnt (ss_hcnt),  .ss_lcnt (ss_lcnt),  .fs_hcnt (fs_hcnt),  .fs_lcnt (fs_lcnt),  .intr_mask (intr_mask),  .rx_tl (rx_tl),  .tx_tl (tx_tl),  .enable (enable),  .abort (abort),  .sda_hold (sda_hold),  .txflr (tx_dat_level),  .rxflr (rx_level),  .activity (activity),  .mst_activity (mst_activity),  .slv_activity (slv_activity),  .tfnf (tfnf),  .tfe (tfe),  .rfne (rfne),  .rff (rff),  .ic_en (ic_en),  .slv_activity_disabled (sl ... "
  The above instance has fewer port connections than the module definition.
  Please use '+lint=TFIPC-L' to print out detailed information of unconnected 
  ports.


Warning-[PCWM-W] Port connection width mismatch
rtl/i2c_ctrl_top.sv, 114
"apb_reg_file u_apb_reg( .pclk (pclk),  .presetn (presetn),  .paddr (paddr),  .psel (psel),  .penable (penable),  .pwrite (pwrite),  .pwdata (pwdata),  .prdata (prdata),  .pready (pready),  .ic_tar (ic_tar),  .ic_sar (ic_sar),  .master_mode (master_mode),  .speed (speed),  .restart_en (restart_en),  .slave_disable (slave_disable),  .ss_hcnt (ss_hcnt),  .ss_lcnt (ss_lcnt),  .fs_hcnt (fs_hcnt),  .fs_lcnt (fs_lcnt),  .intr_mask (intr_mask),  .rx_tl (rx_tl),  .tx_tl (tx_tl),  .enable (enable),  .abort (abort),  .sda_hold (sda_hold),  .txflr (tx_dat_level),  .rxflr (rx_level),  .activity (activity),  .mst_activity (mst_activity),  .slv_activity (slv_activity),  .tfnf (tfnf),  .tfe (tfe),  .rfne (rfne),  .rff (rff),  .ic_en (ic_en),  .slv_activity_disabled (sl ... "
  The following 1-bit expression is connected to 11-bit port "intr" of module 
  "apb_reg_file", instance "u_apb_reg".
  Expression: intr_loc
  	use +lint=PCWM for more details

VCS Coverage Metrics Release O-2018.09-SP2_Full64 Copyright (c) 1991-2018 by Synopsys Inc.
Starting vcs inline pass...
8 modules and 0 UDP read.
recompiling package vcs_paramclassrepository
recompiling package uvm_pkg
recompiling module i2c_slave_fsm
recompiling module i2c_ctrl_top
recompiling module apb_if
recompiling module i2c_if
recompiling package i2c_ctrl_pkg
recompiling module tb_top
All of 8 modules done
/eda/synopsys/vcs/O-2018.09-SP2/vcs/O-2018.09-SP2/linux64/bin/vcselab: /home/xiaoai/lib64_compat/libpthread.so.0: no version information available (required by /eda/synopsys/vcs/O-2018.09-SP2/vcs/O-2018.09-SP2/linux64/bin/vcselab)
/eda/synopsys/vcs/O-2018.09-SP2/vcs/O-2018.09-SP2/linux64/bin/vcselab: /home/xiaoai/lib64_compat/libpthread.so.0: no version information available (required by /eda/synopsys/vcs/O-2018.09-SP2/vcs/O-2018.09-SP2/linux64/bin/vcselab)
/eda/synopsys/vcs/O-2018.09-SP2/vcs/O-2018.09-SP2/linux64/bin/vcselab: /home/xiaoai/lib64_compat/libpthread.so.0: no version information available (required by /eda/synopsys/vcs/O-2018.09-SP2/vcs/O-2018.09-SP2/linux64/bin/../lib/libvfs.so)
/eda/synopsys/vcs/O-2018.09-SP2/vcs/O-2018.09-SP2/linux64/bin/vcselab: /home/xiaoai/lib64_compat/libpthread.so.0: no version information available (required by /eda/synopsys/vcs/O-2018.09-SP2/vcs/O-2018.09-SP2/linux64/bin/../lib/libvfs.so)
/eda/synopsys/vcs/O-2018.09-SP2/vcs/O-2018.09-SP2/linux64/bin/cgmop1: /home/xiaoai/lib64_compat/libpthread.so.0: no version information available (required by /eda/synopsys/vcs/O-2018.09-SP2/vcs/O-2018.09-SP2/linux64/bin/cgmop1)
/eda/synopsys/vcs/O-2018.09-SP2/vcs/O-2018.09-SP2/linux64/bin/cgmop1: /home/xiaoai/lib64_compat/libpthread.so.0: no version information available (required by /eda/synopsys/vcs/O-2018.09-SP2/vcs/O-2018.09-SP2/linux64/bin/cgmop1)
/eda/synopsys/vcs/O-2018.09-SP2/vcs/O-2018.09-SP2/linux64/bin/cgmop1: /home/xiaoai/lib64_compat/libpthread.so.0: no version information available (required by /eda/synopsys/vcs/O-2018.09-SP2/vcs/O-2018.09-SP2/linux64/bin/../lib/libvfs.so)
/eda/synopsys/vcs/O-2018.09-SP2/vcs/O-2018.09-SP2/linux64/bin/cgmop1: /home/xiaoai/lib64_compat/libpthread.so.0: no version information available (required by /eda/synopsys/vcs/O-2018.09-SP2/vcs/O-2018.09-SP2/linux64/bin/../lib/libvfs.so)
WRAPPER: /usr/bin/ld -plugin /usr/libexec/gcc/x86_64-linux-gnu/13/liblto_plugin.so -plugin-opt=/usr/libexec/gcc/x86_64-linux-gnu/13/lto-wrapper -plugin-opt=-fresolution=/tmp/ccNhOfC9.res -plugin-opt=-pass-through=-lgcc -plugin-opt=-pass-through=-lgcc_s -plugin-opt=-pass-through=-lc -plugin-opt=-pass-through=-lgcc -plugin-opt=-pass-through=-lgcc_s --build-id --eh-frame-hdr -m elf_x86_64 --hash-style=gnu --as-needed -shared -z relro -o ./../sim/simv.daidir/rmapats.so /usr/lib/gcc/x86_64-linux-gnu/13/../../../x86_64-linux-gnu/crti.o /usr/lib/gcc/x86_64-linux-gnu/13/crtbeginS.o -L/usr/lib/gcc/x86_64-linux-gnu/13 -L/usr/lib/gcc/x86_64-linux-gnu/13/../../../x86_64-linux-gnu -L/usr/lib/gcc/x86_64-linux-gnu/13/../../../../lib -L/lib/x86_64-linux-gnu -L/lib/../lib -L/usr/lib/x86_64-linux-gnu -L/usr/lib/../lib -L/usr/lib/x86_64-linux-gnu -L/usr/lib/gcc/x86_64-linux-gnu/13/../../.. --wrap=pthread_yield rmapats_mop.o rmapats.o rmar.o rmar_nd.o rmar_llvm_0_1.o rmar_llvm_0_0.o -lgcc --push-state --as-needed -lgcc_s --pop-state -lc -lgcc --push-state --as-needed -lgcc_s --pop-state /usr/lib/gcc/x86_64-linux-gnu/13/crtendS.o /usr/lib/gcc/x86_64-linux-gnu/13/../../../x86_64-linux-gnu/crtn.o
/usr/bin/ld: warning: rmar_nd.o: missing .note.GNU-stack section implies executable stack
/usr/bin/ld: NOTE: This behaviour is deprecated and will be removed in a future version of the linker
/eda/synopsys/vcs/O-2018.09-SP2/vcs/O-2018.09-SP2/linux64/bin/vcslog: /home/xiaoai/lib64_compat/libpthread.so.0: no version information available (required by /eda/synopsys/vcs/O-2018.09-SP2/vcs/O-2018.09-SP2/linux64/bin/vcslog)
/eda/synopsys/vcs/O-2018.09-SP2/vcs/O-2018.09-SP2/linux64/bin/vcslog: /home/xiaoai/lib64_compat/libpthread.so.0: no version information available (required by /eda/synopsys/vcs/O-2018.09-SP2/vcs/O-2018.09-SP2/linux64/bin/vcslog)
rm -f _csrc*.so pre_vcsobj_*.so share_vcsobj_*.so
WRAPPER: /usr/bin/ld -shared -Bsymbolic -o .//../sim/simv.daidir//_601712_archive_1.so --whole-archive archive.49/_601712_archive_1.a --no-whole-archive
if [ -x ../sim/simv ]; then chmod -x ../sim/simv; fi
g++  -o ../sim/simv -no-pie  -Wl,--no-as-needed    -Wl,-rpath-link=./ -Wl,-rpath='$ORIGIN'/simv.daidir/ -Wl,-rpath=./simv.daidir/ -Wl,-rpath='$ORIGIN'/simv.daidir//scsim.db.dir  -L/usr/lib/x86_64-linux-gnu -L/lib/x86_64-linux-gnu -Wl,--no-as-needed -rdynamic  -Wl,-rpath=/eda/synopsys/vcs/O-2018.09-SP2/vcs/O-2018.09-SP2/linux64/lib -L/eda/synopsys/vcs/O-2018.09-SP2/vcs/O-2018.09-SP2/linux64/lib  /eda/synopsys/vcs/O-2018.09-SP2/vcs/O-2018.09-SP2/linux64/lib/vpdlogstub.o uvm_dpi.o   objs/amcQw_d.o  _601712_archive_1.so  SIM_l.o      rmapats_mop.o rmapats.o rmar.o rmar_nd.o  rmar_llvm_0_1.o rmar_llvm_0_0.o          -lnuma -lzerosoft_rt_stubs -lvirsim -lerrorinf -lsnpsmalloc -lvfs    -lvcsnew -lsimprofile -lreader_common /eda/synopsys/vcs/O-2018.09-SP2/vcs/O-2018.09-SP2/linux64/lib/libBA.a -luclinative /eda/synopsys/vcs/O-2018.09-SP2/vcs/O-2018.09-SP2/linux64/lib/vcs_tls.o   -Wl,-whole-archive -lvcsucli -Wl,-no-whole-archive      ./../sim/simv.daidir/vc_hdrs.o    /eda/synopsys/vcs/O-2018.09-SP2/vcs/O-2018.09-SP2/linux64/lib/vcs_save_restore_new.o -ldl  -lc -lm -lpthread -ldl 
WRAPPER: /usr/bin/ld -plugin /usr/libexec/gcc/x86_64-linux-gnu/13/liblto_plugin.so -plugin-opt=/usr/libexec/gcc/x86_64-linux-gnu/13/lto-wrapper -plugin-opt=-fresolution=/tmp/ccd9xBfT.res -plugin-opt=-pass-through=-lgcc_s -plugin-opt=-pass-through=-lgcc -plugin-opt=-pass-through=-lc -plugin-opt=-pass-through=-lgcc_s -plugin-opt=-pass-through=-lgcc --build-id --eh-frame-hdr -m elf_x86_64 --hash-style=gnu --as-needed -export-dynamic -dynamic-linker /lib64/ld-linux-x86-64.so.2 -z relro -o ../sim/simv /usr/lib/gcc/x86_64-linux-gnu/13/../../../x86_64-linux-gnu/crt1.o /usr/lib/gcc/x86_64-linux-gnu/13/../../../x86_64-linux-gnu/crti.o /usr/lib/gcc/x86_64-linux-gnu/13/crtbegin.o -L/usr/lib/x86_64-linux-gnu -L/lib/x86_64-linux-gnu -L/eda/synopsys/vcs/O-2018.09-SP2/vcs/O-2018.09-SP2/linux64/lib -L/usr/lib/gcc/x86_64-linux-gnu/13 -L/usr/lib/gcc/x86_64-linux-gnu/13/../../../x86_64-linux-gnu -L/usr/lib/gcc/x86_64-linux-gnu/13/../../../../lib -L/lib/x86_64-linux-gnu -L/lib/../lib -L/usr/lib/x86_64-linux-gnu -L/usr/lib/../lib -L/usr/lib/x86_64-linux-gnu -L/usr/lib/gcc/x86_64-linux-gnu/13/../../.. --no-as-needed -rpath-link=./ -rpath=$ORIGIN/simv.daidir/ -rpath=./simv.daidir/ -rpath=$ORIGIN/simv.daidir//scsim.db.dir --no-as-needed -rpath=/eda/synopsys/vcs/O-2018.09-SP2/vcs/O-2018.09-SP2/linux64/lib /eda/synopsys/vcs/O-2018.09-SP2/vcs/O-2018.09-SP2/linux64/lib/vpdlogstub.o uvm_dpi.o objs/amcQw_d.o _601712_archive_1.so SIM_l.o rmapats_mop.o rmapats.o rmar.o rmar_nd.o rmar_llvm_0_1.o rmar_llvm_0_0.o -lnuma -lzerosoft_rt_stubs -lvirsim -lerrorinf -lsnpsmalloc -lvfs -lvcsnew -lsimprofile -lreader_common /eda/synopsys/vcs/O-2018.09-SP2/vcs/O-2018.09-SP2/linux64/lib/libBA.a -luclinative /eda/synopsys/vcs/O-2018.09-SP2/vcs/O-2018.09-SP2/linux64/lib/vcs_tls.o -whole-archive -lvcsucli -no-whole-archive ./../sim/simv.daidir/vc_hdrs.o /eda/synopsys/vcs/O-2018.09-SP2/vcs/O-2018.09-SP2/linux64/lib/vcs_save_restore_new.o -ldl --wrap=pthread_yield /home/xiaoai/lib64_compat/libpthread_wrap.so -lpthread -ldl -lstdc++ -lm -lc -lgcc_s -lgcc -lc -lgcc_s -lgcc /usr/lib/gcc/x86_64-linux-gnu/13/crtend.o /usr/lib/gcc/x86_64-linux-gnu/13/../../../x86_64-linux-gnu/crtn.o
/usr/bin/ld: warning: rmar_nd.o: missing .note.GNU-stack section implies executable stack
/usr/bin/ld: NOTE: This behaviour is deprecated and will be removed in a future version of the linker
../sim/simv up to date
/eda/synopsys/vcs/O-2018.09-SP2/vcs/O-2018.09-SP2/bin/vcs[33408]: SystemC_set_elab_phase[28220]: SystemC_collect_dpi_list[28186]: local: not found
/eda/synopsys/vcs/O-2018.09-SP2/vcs/O-2018.09-SP2/bin/vcs[33408]: SystemC_set_elab_phase[28220]: SystemC_collect_dpi_list[28187]: local: not found
/eda/synopsys/vcs/O-2018.09-SP2/vcs/O-2018.09-SP2/bin/vcs[33408]: SystemC_set_elab_phase[28220]: SystemC_collect_dpi_list[28188]: local: not found
/eda/synopsys/vcs/O-2018.09-SP2/vcs/O-2018.09-SP2/bin/vcs[33410]: SystemC_collect_dpi_list[28186]: local: not found
/eda/synopsys/vcs/O-2018.09-SP2/vcs/O-2018.09-SP2/bin/vcs[33410]: SystemC_collect_dpi_list[28187]: local: not found
/eda/synopsys/vcs/O-2018.09-SP2/vcs/O-2018.09-SP2/bin/vcs[33410]: SystemC_collect_dpi_list[28188]: local: not found
CPU time: 6.472 seconds to compile + .244 seconds to elab + .310 seconds to link
